mediaplayer/build/outputs/logs/manifest-merger-debug-report.txt
-- Merging decision tree log ---
manifest
ADDED from dlna-android\mediaplayer\AndroidManifest.xml:2:1-55:12
INJECTED from dlna-android\mediaplayer\AndroidManifest.xml:2:1-55:12
INJECTED from dlna-android\mediaplayer\AndroidManifest.xml:2:1-55:12
INJECTED from dlna-android\mediaplayer\AndroidManifest.xml:2:1-55:12
INJECTED from dlna-android\mediaplayer\AndroidManifest.xml:2:1-55:12
INJECTED from dlna-android\mediaplayer\AndroidManifest.xml:2:1-55:12
INJECTED from dlna-android\mediaplayer\AndroidManifest.xml:2:1-55:12
	package
		ADDED from dlna-android\mediaplayer\AndroidManifest.xml:4:2-32
		INJECTED from dlna-android\mediaplayer\AndroidManifest.xml
		INJECTED from dlna-android\mediaplayer\AndroidManifest.xml
	android:versionName
		ADDED from dlna-android\mediaplayer\AndroidManifest.xml:6:2-27
		INJECTED from dlna-android\mediaplayer\AndroidManifest.xml
		INJECTED from dlna-android\mediaplayer\AndroidManifest.xml
	xmlns:android
		ADDED from dlna-android\mediaplayer\AndroidManifest.xml:3:2-60
	android:versionCode
		ADDED from dlna-android\mediaplayer\AndroidManifest.xml:5:2-25
		INJECTED from dlna-android\mediaplayer\AndroidManifest.xml
		INJECTED from dlna-android\mediaplayer\AndroidManifest.xml
uses-sdk
ADDED from dlna-android\mediaplayer\AndroidManifest.xml:8:2-10:35
INJECTED from dlna-android\mediaplayer\AndroidManifest.xml:8:2-10:35
INJECTED from dlna-android\mediaplayer\AndroidManifest.xml:8:2-10:35
INJECTED from dlna-android\mediaplayer\AndroidManifest.xml:8:2-10:35
INJECTED from dlna-android\mediaplayer\AndroidManifest.xml:8:2-10:35
	android:targetSdkVersion
		ADDED from dlna-android\mediaplayer\AndroidManifest.xml:10:3-32
		INJECTED from dlna-android\mediaplayer\AndroidManifest.xml
		INJECTED from dlna-android\mediaplayer\AndroidManifest.xml
	android:minSdkVersion
		ADDED from dlna-android\mediaplayer\AndroidManifest.xml:9:3-28
		INJECTED from dlna-android\mediaplayer\AndroidManifest.xml
		INJECTED from dlna-android\mediaplayer\AndroidManifest.xml
uses-permission#android.permission.INTERNET
ADDED from dlna-android\mediaplayer\AndroidManifest.xml:12:2-64
	android:name
		ADDED from dlna-android\mediaplayer\AndroidManifest.xml:12:19-61
uses-permission#android.permission.WRITE_EXTERNAL_STORAGE
ADDED from dlna-android\mediaplayer\AndroidManifest.xml:13:2-78
	android:name
		ADDED from dlna-android\mediaplayer\AndroidManifest.xml:13:19-75
uses-permission#android.permission.ACCESS_NETWORK_STATE
ADDED from dlna-android\mediaplayer\AndroidManifest.xml:14:2-76
	android:name
		ADDED from dlna-android\mediaplayer\AndroidManifest.xml:14:19-73
application
ADDED from dlna-android\mediaplayer\AndroidManifest.xml:16:2-53:16
	android:label
		ADDED from dlna-android\mediaplayer\AndroidManifest.xml:19:3-38
	android:icon
		ADDED from dlna-android\mediaplayer\AndroidManifest.xml:18:3-39
	android:allowBackup
		ADDED from dlna-android\mediaplayer\AndroidManifest.xml:17:3-29
	android:theme
		ADDED from dlna-android\mediaplayer\AndroidManifest.xml:20:3-34
activity#com.android.media.ui.VideoPlayerActivity
ADDED from dlna-android\mediaplayer\AndroidManifest.xml:34:3-52:14
	android:label
		ADDED from dlna-android\mediaplayer\AndroidManifest.xml:39:4-39
	android:launchMode
		ADDED from dlna-android\mediaplayer\AndroidManifest.xml:38:4-34
	android:configChanges
		ADDED from dlna-android\mediaplayer\AndroidManifest.xml:36:4-50
	android:theme
		ADDED from dlna-android\mediaplayer\AndroidManifest.xml:37:4-57
	android:name
		ADDED from dlna-android\mediaplayer\AndroidManifest.xml:35:4-59
intent-filter#category:name:android.intent.category.DEFAULT+data:mimeType:audio/*+data:mimeType:video/*+data:scheme:content+data:scheme:file+data:scheme:http+data:scheme:httplive
ADDED from dlna-android\mediaplayer\AndroidManifest.xml:40:4-51:20
category#android.intent.category.DEFAULT
ADDED from dlna-android\mediaplayer\AndroidManifest.xml:43:5-64
	android:name
		ADDED from dlna-android\mediaplayer\AndroidManifest.xml:43:15-61
data
ADDED from dlna-android\mediaplayer\AndroidManifest.xml:45:5-40
	android:scheme
		ADDED from dlna-android\mediaplayer\AndroidManifest.xml:46:11-32
	android:mimeType
		ADDED from dlna-android\mediaplayer\AndroidManifest.xml:45:11-37